<?xml version="1.0" encoding="UTF-8"?>
<!-- Generated by org.testng.reporters.JUnitXMLReporter -->
<testsuite ignored="0" hostname="prak_daks_nila" failures="0" tests="5" name="Default test" time="45.147" errors="0" timestamp="2024-12-15T08:24:57 GMT-08:00">
  <testcase classname="com.training.testcases.Logintest" name="T1LoginErrorMessage" time="12.718"/>
  <testcase classname="com.training.testcases.Logintest" name="T2LoginToSalesForce" time="7.701"/>
  <testcase classname="com.training.testcases.Logintest" name="T3CheckRemeberMe" time="5.038"/>
  <testcase classname="com.training.testcases.Logintest" name="T4Testforgotpassword" time="2.263"/>
  <testcase classname="com.training.testcases.Logintest" name="T5invalidusernameandpassword" time="1.207"/>
</testsuite> <!-- Default test -->
